SF:lib/utils/file_reader.dart
DA:5,2
DA:14,32
DA:18,2
DA:19,6
DA:22,6
DA:24,3
DA:26,6
DA:28,6
LF:8
LH:8
end_of_record
SF:lib/utils/file_utils.dart
DA:40,2
DA:41,2
DA:43,4
DA:44,4
DA:47,2
DA:49,2
DA:50,4
DA:52,4
DA:53,2
DA:54,2
DA:56,2
DA:59,2
DA:60,2
DA:63,2
DA:64,2
DA:65,4
DA:66,4
DA:68,3
DA:70,4
DA:71,6
DA:78,1
DA:82,1
DA:83,1
DA:84,1
DA:86,3
DA:89,1
DA:90,1
DA:91,1
DA:92,2
DA:93,1
DA:96,0
DA:97,0
DA:98,0
DA:102,1
DA:103,1
DA:104,1
DA:105,1
DA:108,2
DA:110,2
DA:112,0
DA:113,0
DA:118,2
DA:119,6
DA:120,2
DA:123,2
DA:124,1
DA:126,2
DA:127,2
DA:128,1
DA:151,16
DA:171,16
DA:172,16
DA:193,1
DA:197,1
DA:198,1
DA:199,1
DA:200,1
DA:201,1
DA:202,1
DA:204,1
DA:206,1
DA:208,1
DA:209,1
DA:211,1
DA:213,1
DA:214,1
DA:216,1
DA:217,1
DA:218,1
DA:219,1
DA:220,1
DA:223,2
DA:227,1
DA:228,1
DA:229,2
DA:230,2
DA:231,2
DA:232,2
DA:233,2
DA:234,2
DA:235,1
DA:236,0
DA:237,2
DA:238,2
DA:239,2
DA:240,2
DA:241,2
DA:242,2
DA:243,2
DA:247,1
DA:248,1
DA:249,1
DA:250,1
DA:251,1
DA:252,1
DA:253,1
DA:254,1
DA:255,1
DA:256,1
DA:257,1
DA:258,1
DA:259,1
DA:260,1
DA:261,1
DA:262,1
DA:263,1
DA:264,1
DA:265,1
DA:268,1
DA:287,1
DA:288,1
DA:290,1
DA:292,1
DA:294,1
DA:296,1
DA:298,1
DA:301,1
DA:303,1
DA:305,1
DA:307,1
DA:309,1
DA:311,1
DA:313,1
DA:315,1
DA:316,1
DA:317,0
DA:318,1
LF:127
LH:120
end_of_record
SF:lib/utils/logger.dart
DA:4,15
DA:7,15
DA:8,15
DA:11,1
DA:12,1
DA:16,15
DA:17,30
DA:20,1
DA:21,2
LF:9
LH:9
end_of_record
SF:lib/analyze/checks/naming_convention.dart
DA:10,6
DA:11,3
DA:22,1
DA:24,4
DA:27,2
DA:28,2
DA:30,6
DA:31,3
DA:39,17
DA:41,2
DA:45,2
DA:46,4
DA:47,4
DA:48,4
DA:49,1
DA:50,1
DA:51,4
LF:17
LH:17
end_of_record
SF:lib/sort/sort.dart
DA:19,1
DA:20,4
DA:25,1
DA:26,1
DA:27,1
DA:28,1
DA:30,1
DA:31,3
DA:35,1
DA:38,0
DA:41,0
DA:43,0
DA:44,0
DA:45,0
DA:48,0
DA:50,0
DA:51,0
DA:52,0
DA:53,0
DA:55,0
DA:58,0
DA:62,0
DA:64,0
DA:65,0
DA:70,0
DA:74,0
DA:76,0
DA:77,0
DA:79,0
DA:80,0
DA:87,0
DA:88,0
DA:89,0
DA:91,0
DA:92,0
DA:93,0
DA:94,0
DA:98,0
DA:99,0
DA:101,0
DA:102,0
LF:41
LH:9
end_of_record
SF:lib/analyze/checks/all_caps.dart
DA:17,17
DA:19,2
DA:23,4
DA:24,4
DA:25,2
DA:27,4
DA:28,4
DA:32,2
DA:34,2
DA:35,2
DA:36,6
DA:37,2
DA:40,2
DA:42,2
DA:43,2
DA:44,2
DA:45,2
DA:46,2
DA:47,2
DA:49,2
DA:50,1
DA:51,2
DA:60,2
DA:61,6
DA:64,1
DA:66,1
DA:67,1
DA:68,1
DA:69,1
DA:70,1
DA:71,1
DA:73,1
DA:74,0
DA:75,0
DA:78,1
DA:79,1
DA:80,2
DA:83,1
DA:84,0
DA:85,0
DA:88,1
DA:89,0
DA:90,0
DA:93,1
DA:94,0
DA:95,0
DA:98,1
DA:99,1
DA:100,2
DA:106,1
DA:108,1
DA:109,1
DA:110,1
DA:112,1
DA:113,0
DA:114,0
DA:117,1
DA:118,0
DA:119,0
DA:122,1
DA:123,1
DA:124,2
DA:130,1
DA:132,3
DA:133,2
DA:134,1
DA:135,1
DA:136,2
DA:143,2
DA:146,2
DA:147,4
DA:152,2
DA:153,2
DA:154,4
DA:155,2
DA:156,8
LF:76
LH:64
end_of_record
SF:lib/analyze/checks/check_base.dart
DA:6,30
LF:1
LH:1
end_of_record
SF:lib/message_parser.dart
DA:21,8
DA:23,4
DA:24,20
DA:26,3
DA:27,9
DA:38,4
DA:41,3
DA:42,12
DA:51,4
DA:54,6
DA:55,6
DA:56,6
DA:57,0
DA:58,6
DA:59,9
DA:60,6
DA:61,6
DA:72,6
DA:73,8
DA:75,6
DA:76,6
DA:77,8
DA:82,4
DA:86,4
DA:87,4
DA:88,4
DA:90,4
DA:92,4
DA:93,4
DA:96,4
DA:97,24
DA:103,4
DA:108,4
DA:109,11
DA:110,4
DA:111,4
DA:113,3
DA:114,3
DA:119,18
DA:123,6
DA:124,8
DA:128,2
DA:129,6
DA:130,4
DA:131,6
DA:133,8
DA:141,8
DA:142,14
DA:143,2
DA:145,12
DA:147,4
DA:148,16
DA:150,15
DA:154,8
DA:156,6
DA:158,2
DA:159,6
DA:160,6
DA:161,6
DA:162,6
DA:164,0
DA:166,0
DA:173,2
DA:174,6
DA:175,6
DA:176,10
DA:180,2
DA:181,8
DA:182,4
DA:183,4
DA:184,2
DA:185,6
DA:186,2
DA:190,3
DA:191,9
DA:192,6
DA:193,3
DA:195,3
DA:197,6
DA:200,2
DA:202,12
DA:207,3
DA:208,6
DA:210,9
DA:211,6
DA:212,0
DA:215,6
DA:221,3
DA:224,0
DA:225,0
DA:226,0
DA:227,0
DA:231,3
DA:232,9
DA:233,9
DA:235,3
DA:237,9
DA:244,2
DA:245,6
DA:246,6
DA:247,6
DA:251,4
DA:252,4
DA:253,4
DA:254,8
DA:255,4
DA:256,4
DA:259,8
DA:262,2
DA:263,2
DA:264,2
DA:265,4
DA:266,6
DA:267,4
DA:268,4
DA:269,4
DA:270,4
DA:273,4
DA:274,4
DA:275,4
DA:276,2
DA:280,4
DA:281,4
DA:282,4
DA:283,8
DA:284,4
DA:285,4
DA:286,8
DA:287,4
DA:290,4
DA:291,4
DA:292,4
DA:293,6
DA:297,2
DA:298,4
DA:300,2
DA:301,2
DA:302,4
DA:303,2
DA:304,4
DA:305,4
DA:306,4
DA:307,4
DA:308,4
DA:309,4
DA:312,4
DA:313,4
DA:314,4
DA:315,2
DA:321,4
DA:322,4
DA:323,4
DA:324,8
DA:325,4
DA:326,4
DA:327,4
DA:328,4
DA:331,4
DA:332,4
DA:333,4
DA:334,6
DA:338,4
DA:340,2
DA:341,2
DA:342,4
DA:343,2
DA:344,4
DA:345,4
DA:346,4
DA:347,4
DA:350,4
DA:351,4
DA:352,4
DA:353,2
DA:359,4
DA:360,4
DA:361,4
DA:362,8
DA:363,4
DA:364,4
DA:365,4
DA:366,4
DA:369,4
DA:370,4
DA:371,4
DA:372,6
DA:376,4
DA:377,12
DA:379,2
DA:380,6
DA:382,8
DA:384,3
DA:385,3
DA:386,12
DA:391,12
DA:393,4
DA:394,4
DA:395,4
DA:396,8
DA:397,6
DA:398,6
DA:401,6
DA:402,6
DA:403,6
LF:204
LH:196
end_of_record
SF:lib/messages/composite_message.dart
DA:12,0
DA:13,4
DA:14,8
DA:15,4
DA:18,0
DA:19,0
DA:20,0
DA:21,0
DA:22,0
DA:23,0
DA:24,0
DA:27,0
LF:12
LH:3
end_of_record
SF:lib/messages/literal_string_message.dart
DA:10,8
DA:11,0
DA:12,0
DA:13,0
DA:14,0
DA:15,0
DA:16,0
DA:17,0
DA:20,0
LF:9
LH:1
end_of_record
SF:lib/messages/message.dart
DA:50,0
DA:62,4
DA:67,4
DA:72,0
DA:73,0
DA:76,0
DA:78,0
DA:80,0
DA:81,0
DA:82,0
DA:89,0
DA:90,0
DA:91,0
DA:100,0
DA:104,0
DA:105,0
DA:108,0
DA:109,0
DA:110,0
DA:113,0
DA:119,0
DA:120,0
DA:142,0
DA:152,0
DA:153,0
DA:154,0
DA:155,0
DA:156,0
DA:158,0
DA:162,0
DA:163,0
DA:169,0
DA:170,0
DA:171,0
DA:175,0
DA:178,0
DA:188,0
DA:196,0
DA:202,0
DA:207,0
DA:209,0
DA:210,0
DA:212,0
DA:219,0
DA:220,0
DA:221,0
DA:222,0
DA:223,0
DA:224,0
DA:225,0
DA:226,0
DA:232,0
DA:233,0
DA:234,0
DA:235,0
DA:236,0
DA:239,0
DA:240,0
DA:241,0
DA:242,0
DA:244,0
DA:246,0
DA:247,0
DA:250,0
DA:265,0
DA:272,0
DA:274,0
DA:275,0
DA:276,0
DA:277,0
DA:278,0
DA:283,0
DA:291,2
DA:292,2
DA:293,2
DA:294,2
DA:295,8
DA:296,4
DA:297,8
DA:298,4
DA:303,2
DA:316,0
DA:317,0
DA:331,0
DA:333,0
DA:341,0
DA:347,0
DA:349,0
DA:350,0
DA:351,0
DA:354,0
DA:355,0
DA:359,0
DA:362,0
LF:94
LH:11
end_of_record
SF:lib/messages/submessages/gender.dart
DA:12,0
DA:18,4
DA:24,0
DA:26,0
DA:29,0
DA:30,0
DA:31,0
DA:32,0
DA:36,2
DA:38,2
DA:40,2
DA:41,2
DA:43,2
DA:44,2
DA:46,2
DA:47,2
DA:54,0
DA:57,0
DA:58,0
DA:59,0
DA:60,0
DA:61,0
DA:62,0
DA:64,0
LF:24
LH:9
end_of_record
SF:lib/messages/submessages/plural.dart
DA:9,0
DA:10,4
DA:19,0
DA:21,0
DA:24,0
DA:25,0
DA:26,0
DA:28,0
DA:32,2
DA:34,2
DA:36,2
DA:39,1
DA:41,2
DA:42,0
DA:44,2
DA:47,2
DA:49,2
DA:50,0
DA:52,2
DA:55,2
DA:57,2
DA:58,0
DA:60,2
DA:61,1
DA:63,2
DA:64,1
DA:66,2
DA:67,2
DA:74,0
DA:77,0
DA:78,0
DA:79,0
DA:80,0
DA:81,0
DA:82,0
DA:83,0
DA:84,0
DA:85,0
DA:86,0
DA:87,0
DA:88,0
DA:89,0
DA:90,0
DA:91,0
DA:92,0
DA:93,0
DA:94,0
DA:96,0
LF:48
LH:18
end_of_record
SF:lib/messages/submessages/select.dart
DA:14,0
DA:20,4
DA:24,0
DA:26,0
DA:29,0
DA:30,0
DA:31,0
DA:32,0
DA:37,6
DA:39,2
DA:41,2
DA:42,6
DA:43,4
DA:45,0
DA:51,0
DA:53,0
DA:54,0
DA:60,0
DA:61,0
DA:63,0
DA:64,0
DA:65,0
DA:66,0
DA:74,0
DA:75,0
DA:78,0
DA:80,0
DA:81,0
DA:82,0
DA:89,0
DA:91,0
DA:92,0
DA:93,0
DA:94,0
DA:95,0
DA:96,0
DA:97,0
DA:98,0
DA:99,0
DA:100,0
DA:101,0
DA:107,0
DA:109,0
DA:110,0
DA:111,0
DA:112,0
DA:113,0
DA:114,0
DA:116,0
DA:117,0
DA:118,0
DA:119,0
DA:121,0
LF:53
LH:6
end_of_record
SF:lib/utils/arb_parser/parsed_arb_file.dart
DA:10,15
DA:16,60
DA:18,0
DA:19,0
DA:21,0
DA:22,0
DA:23,0
DA:24,0
DA:25,0
LF:9
LH:2
end_of_record
SF:lib/analyze/checks/at_key_type.dart
DA:15,17
DA:17,2
DA:21,4
DA:22,2
DA:23,4
DA:24,2
DA:26,2
DA:27,1
DA:28,1
DA:29,1
DA:30,4
LF:11
LH:11
end_of_record
SF:lib/utils/arb_parser/at_key_meta.dart
DA:10,20
DA:15,0
DA:20,0
DA:24,0
DA:25,0
DA:26,0
DA:30,0
DA:32,0
DA:46,2
DA:52,0
DA:57,0
DA:58,0
DA:59,0
DA:60,0
DA:64,0
DA:66,0
LF:16
LH:2
end_of_record
SF:lib/utils/extensions.dart
DA:6,36
DA:9,32
DA:13,2
DA:14,2
DA:15,2
DA:20,1
DA:21,1
DA:22,1
DA:26,3
DA:27,3
DA:28,1
DA:29,3
DA:30,1
DA:36,1
DA:37,1
DA:38,0
DA:40,1
DA:41,0
DA:44,1
DA:50,2
DA:51,2
DA:52,2
DA:53,2
DA:54,2
DA:55,2
DA:56,2
DA:59,0
DA:60,0
LF:28
LH:24
end_of_record
SF:lib/analyze/checks/duplicate_keys.dart
DA:8,17
DA:10,2
DA:14,4
DA:15,4
DA:16,4
DA:18,4
DA:19,2
DA:22,4
DA:23,2
DA:24,2
DA:25,6
LF:11
LH:11
end_of_record
SF:lib/analyze/checks/empty_at_key.dart
DA:10,17
DA:12,2
DA:16,4
DA:17,2
DA:18,4
DA:19,2
DA:21,2
DA:22,1
DA:23,2
DA:24,2
DA:25,1
DA:26,4
LF:12
LH:12
end_of_record
SF:lib/analyze/checks/locale_definition.dart
DA:8,17
DA:10,2
DA:14,4
DA:15,2
DA:16,2
DA:17,2
DA:18,8
LF:7
LH:7
end_of_record
SF:lib/analyze/checks/mandatory_key_description.dart
DA:13,17
DA:15,1
DA:19,2
DA:20,1
DA:21,2
DA:22,1
DA:24,2
DA:25,3
DA:26,1
DA:27,1
DA:28,3
LF:11
LH:11
end_of_record
SF:lib/analyze/checks/missing_placeholders.dart
DA:20,17
DA:22,2
DA:27,8
DA:29,4
DA:30,4
DA:31,4
DA:32,2
DA:36,2
DA:39,4
DA:40,1
DA:42,3
DA:43,1
DA:44,1
DA:46,3
DA:47,3
DA:48,1
DA:51,2
DA:52,1
DA:53,1
DA:54,3
DA:59,2
DA:60,2
DA:61,1
DA:62,1
DA:63,3
DA:67,2
DA:68,1
DA:69,1
DA:70,4
DA:76,2
DA:77,1
DA:78,1
DA:79,3
DA:90,1
DA:91,1
DA:92,1
DA:94,3
DA:95,1
DA:98,1
DA:100,1
DA:101,1
DA:102,0
DA:103,0
DA:104,0
DA:105,0
DA:106,0
DA:107,0
DA:113,1
DA:116,1
DA:117,1
DA:118,3
DA:119,1
DA:120,1
LF:53
LH:47
end_of_record
SF:lib/messages/variable_substitution_message.dart
DA:12,0
DA:18,6
DA:19,3
DA:20,6
DA:25,1
DA:26,1
DA:27,2
DA:30,0
DA:31,0
DA:32,0
DA:33,0
DA:34,0
DA:35,0
DA:36,0
DA:37,0
DA:38,0
DA:40,0
DA:49,1
DA:50,2
DA:57,0
DA:58,0
DA:59,0
DA:60,0
DA:61,0
DA:62,0
DA:63,0
DA:66,0
LF:27
LH:8
end_of_record
SF:lib/analyze/checks/missing_plurals.dart
DA:12,17
DA:14,2
DA:18,2
DA:20,4
DA:21,4
DA:22,2
DA:23,2
DA:25,4
DA:28,2
DA:30,4
DA:31,2
DA:33,3
DA:34,1
DA:35,1
DA:36,3
DA:43,4
DA:44,2
DA:45,1
DA:46,1
DA:47,3
DA:53,1
DA:54,3
DA:55,2
DA:56,1
DA:57,1
DA:58,3
LF:26
LH:26
end_of_record
SF:lib/generated/plural_rules.dart
DA:226,3
LF:1
LH:1
end_of_record
SF:lib/analyze/checks/missing_translations.dart
DA:10,17
DA:12,2
DA:14,2
DA:15,3
DA:16,5
DA:17,1
DA:18,4
DA:22,2
LF:8
LH:8
end_of_record
SF:lib/utils/diff_utils.dart
DA:11,1
DA:17,2
DA:18,8
DA:20,0
DA:21,0
DA:24,2
DA:25,4
DA:26,4
DA:28,1
DA:29,1
DA:30,1
DA:31,1
DA:32,1
DA:33,2
DA:35,1
DA:37,1
DA:38,1
DA:39,1
LF:18
LH:16
end_of_record
SF:lib/analyze/checks/redundant_at_key.dart
DA:9,17
DA:11,2
DA:15,4
DA:16,4
DA:18,2
DA:19,1
DA:21,1
DA:22,1
DA:23,3
LF:9
LH:9
end_of_record
SF:lib/analyze/checks/redundant_translations.dart
DA:11,17
DA:13,2
DA:17,8
DA:19,0
DA:23,4
DA:24,4
DA:26,2
DA:27,1
DA:28,1
DA:29,1
DA:30,2
DA:33,2
DA:34,1
DA:35,1
DA:36,3
LF:15
LH:14
end_of_record
SF:lib/analyze/checks/string_type.dart
DA:15,17
DA:17,2
DA:21,4
DA:22,2
DA:24,4
DA:25,4
DA:27,4
DA:28,2
DA:29,1
DA:30,1
DA:31,4
LF:11
LH:11
end_of_record
SF:lib/analyze/checks/unused_at_key.dart
DA:9,17
DA:11,2
DA:15,4
DA:16,2
DA:17,4
DA:18,2
DA:20,1
DA:21,1
DA:22,1
DA:23,1
DA:24,3
LF:11
LH:11
end_of_record
SF:lib/messages/pair_message.dart
DA:11,4
DA:13,0
DA:16,0
DA:18,0
DA:19,0
DA:21,0
DA:22,0
LF:7
LH:1
end_of_record
SF:lib/messages/complex_message.dart
DA:10,2
LF:1
LH:1
end_of_record
SF:lib/messages/message_extraction_exception.dart
DA:11,0
DA:13,0
DA:14,0
LF:3
LH:0
end_of_record
SF:lib/messages/submessages/submessage.dart
DA:18,2
DA:19,4
DA:22,2
DA:24,0
DA:25,0
DA:26,2
DA:28,4
DA:29,2
DA:30,4
DA:32,0
DA:35,2
DA:39,0
DA:40,0
DA:48,0
DA:49,0
DA:50,0
DA:51,0
DA:60,0
DA:63,0
DA:64,0
DA:65,0
DA:66,0
DA:67,0
DA:68,0
DA:69,0
DA:72,0
DA:74,0
DA:75,0
DA:76,0
DA:77,0
DA:78,0
DA:79,0
DA:80,0
DA:82,0
DA:83,0
DA:84,0
DA:85,0
DA:93,0
DA:95,0
DA:96,0
DA:97,0
DA:98,0
DA:99,0
LF:43
LH:8
end_of_record
SF:lib/utils/arb_parser/arb_file.dart
DA:6,16
LF:1
LH:1
end_of_record
SF:lib/utils/arb_parser/arb_parser.dart
DA:10,1
DA:11,3
DA:14,1
DA:19,2
DA:20,0
DA:21,0
DA:25,1
DA:36,2
DA:37,1
DA:38,1
DA:39,1
DA:40,1
DA:41,0
DA:42,0
DA:43,1
DA:44,1
DA:47,1
DA:48,0
DA:52,1
DA:53,0
DA:59,1
DA:60,1
DA:63,1
DA:64,0
DA:70,1
DA:71,0
DA:72,0
DA:79,1
DA:81,1
DA:82,1
DA:84,1
DA:88,1
DA:89,0
DA:90,0
DA:95,1
DA:96,0
DA:100,1
DA:101,0
DA:104,1
DA:106,1
DA:107,1
DA:112,1
DA:116,1
DA:117,0
DA:118,0
DA:123,1
DA:124,0
DA:125,0
DA:126,0
DA:127,0
DA:133,1
LF:51
LH:32
end_of_record
SF:lib/command_runner.dart
DA:6,3
DA:10,2
DA:11,2
DA:12,2
LF:4
LH:4
end_of_record
SF:lib/analyze/analyze.dart
DA:8,0
DA:11,1
DA:14,1
DA:16,1
DA:17,2
DA:18,1
DA:21,4
DA:23,1
DA:24,1
DA:25,2
DA:27,1
DA:29,1
LF:12
LH:11
end_of_record
SF:lib/diff/diff.dart
DA:19,1
DA:20,1
DA:21,1
DA:22,1
DA:24,1
DA:25,3
DA:29,1
DA:32,0
DA:35,0
DA:37,0
DA:38,0
DA:39,0
DA:40,0
DA:43,0
DA:44,0
DA:45,0
DA:49,0
DA:51,0
DA:52,0
DA:53,0
DA:54,0
DA:59,0
DA:60,0
DA:61,0
DA:63,0
DA:67,0
DA:70,0
DA:71,0
DA:72,0
DA:74,0
DA:75,0
LF:31
LH:7
end_of_record
